<?xml version="1.0" encoding="UTF-8"?>
<testng-results skipped="0" failed="0" total="3" passed="3">
  <reporter-output>
  </reporter-output>
  <suite name="Suite" duration-ms="38263" started-at="2015-10-22T13:52:09Z" finished-at="2015-10-22T13:52:47Z">
    <groups>
    </groups>
    <test name="Test" duration-ms="38263" started-at="2015-10-22T13:52:09Z" finished-at="2015-10-22T13:52:47Z">
      <class name="tests.AccessToDocumentByCodeTest">
        <test-method status="PASS" signature="setUp()[pri:0, instance:tests.AccessToDocumentByCodeTest@566776ad]" name="setUp" is-config="true" duration-ms="29901" started-at="2015-10-22T16:51:39Z" finished-at="2015-10-22T16:52:09Z">
          <reporter-output>
          </reporter-output>
        </test-method> <!-- setUp -->
        <test-method status="PASS" signature="beforeMethod()[pri:0, instance:tests.AccessToDocumentByCodeTest@566776ad]" name="beforeMethod" is-config="true" duration-ms="1173" started-at="2015-10-22T16:52:09Z" finished-at="2015-10-22T16:52:10Z">
          <reporter-output>
          </reporter-output>
        </test-method> <!-- beforeMethod -->
        <test-method status="PASS" signature="getAccessToDocumentTest()[pri:0, instance:tests.AccessToDocumentByCodeTest@566776ad]" name="getAccessToDocumentTest" duration-ms="22993" started-at="2015-10-22T16:52:10Z" finished-at="2015-10-22T16:52:33Z">
          <reporter-output>
          </reporter-output>
        </test-method> <!-- getAccessToDocumentTest -->
        <test-method status="PASS" signature="afterMethod()[pri:0, instance:tests.AccessToDocumentByCodeTest@566776ad]" name="afterMethod" is-config="true" duration-ms="199" started-at="2015-10-22T16:52:33Z" finished-at="2015-10-22T16:52:33Z">
          <reporter-output>
          </reporter-output>
        </test-method> <!-- afterMethod -->
        <test-method status="PASS" signature="tearDown()[pri:0, instance:tests.AccessToDocumentByCodeTest@566776ad]" name="tearDown" is-config="true" duration-ms="6249" started-at="2015-10-22T16:52:47Z" finished-at="2015-10-22T16:52:54Z">
          <reporter-output>
          </reporter-output>
        </test-method> <!-- tearDown -->
      </class> <!-- tests.AccessToDocumentByCodeTest -->
      <class name="tests.SearchServiceTest">
        <test-method status="PASS" signature="beforeMethod()[pri:0, instance:tests.SearchServiceTest@79b4d0f]" name="beforeMethod" is-config="true" duration-ms="1597" started-at="2015-10-22T16:52:45Z" finished-at="2015-10-22T16:52:46Z">
          <reporter-output>
          </reporter-output>
        </test-method> <!-- beforeMethod -->
        <test-method status="PASS" signature="simpleValidSearchTest()[pri:0, instance:tests.SearchServiceTest@79b4d0f]" name="simpleValidSearchTest" duration-ms="516" started-at="2015-10-22T16:52:46Z" finished-at="2015-10-22T16:52:47Z">
          <reporter-output>
          </reporter-output>
        </test-method> <!-- simpleValidSearchTest -->
        <test-method status="PASS" signature="afterMethod()[pri:0, instance:tests.SearchServiceTest@79b4d0f]" name="afterMethod" is-config="true" duration-ms="234" started-at="2015-10-22T16:52:47Z" finished-at="2015-10-22T16:52:47Z">
          <reporter-output>
          </reporter-output>
        </test-method> <!-- afterMethod -->
      </class> <!-- tests.SearchServiceTest -->
      <class name="tests.MyLogTest">
        <test-method status="PASS" signature="beforeMethod()[pri:0, instance:tests.MyLogTest@3fb6a447]" name="beforeMethod" is-config="true" duration-ms="1816" started-at="2015-10-22T16:52:33Z" finished-at="2015-10-22T16:52:35Z">
          <reporter-output>
          </reporter-output>
        </test-method> <!-- beforeMethod -->
        <test-method status="PASS" signature="myLogTest()[pri:0, instance:tests.MyLogTest@3fb6a447]" name="myLogTest" duration-ms="9522" started-at="2015-10-22T16:52:35Z" finished-at="2015-10-22T16:52:44Z">
          <reporter-output>
          </reporter-output>
        </test-method> <!-- myLogTest -->
        <test-method status="PASS" signature="afterMethod()[pri:0, instance:tests.MyLogTest@3fb6a447]" name="afterMethod" is-config="true" duration-ms="172" started-at="2015-10-22T16:52:44Z" finished-at="2015-10-22T16:52:45Z">
          <reporter-output>
          </reporter-output>
        </test-method> <!-- afterMethod -->
      </class> <!-- tests.MyLogTest -->
    </test> <!-- Test -->
  </suite> <!-- Suite -->
</testng-results>
