<?xml version="1.0" encoding="UTF-8"?>
<!-- Generated by org.testng.reporters.JUnitXMLReporter -->
<testsuite hostname="DESKTOP-447HEGD" name="Test" tests="8" failures="0" timestamp="28 Oct 2015 13:11:06 GMT" time="51.396" errors="0">
  <testcase name="getAccessToDocumentTest" time="22.577" classname="tests.AccessToDocumentByCodeTest"/>
  <testcase name="myLogTest" time="12.58" classname="tests.MyLogTest"/>
  <testcase name="simpleValidSearchTest" time="0.4" classname="tests.SearchServiceTest"/>
  <testcase name="commentsAndOpportunitiesLinkTest" time="0.405" classname="tests.FooterTest"/>
  <testcase name="errorOrABugOnThePortalLinkTest" time="0.477" classname="tests.FooterTest"/>
  <testcase name="joinOnGitHubLinkTest" time="0.468" classname="tests.FooterTest"/>
  <testcase name="noSuchServicesLinkTest" time="0.332" classname="tests.FooterTest"/>
  <testcase name="portalsNewsOnFacebookLinkTest" time="0.413" classname="tests.FooterTest"/>
</testsuite> <!-- Test -->
