<?xml version="1.0" encoding="UTF-8"?>
<!-- Generated by org.testng.reporters.JUnitXMLReporter -->
<testsuite hostname="nazarenkod" name="Test" tests="3" failures="0" timestamp="22 Oct 2015 13:52:47 GMT" time="38.263" errors="0">
  <testcase name="getAccessToDocumentTest" time="22.993" classname="tests.AccessToDocumentByCodeTest"/>
  <testcase name="myLogTest" time="9.522" classname="tests.MyLogTest"/>
  <testcase name="simpleValidSearchTest" time="0.516" classname="tests.SearchServiceTest"/>
</testsuite> <!-- Test -->
