<?xml version="1.0" encoding="UTF-8"?>
<testng-results skipped="0" failed="0" total="1" passed="1">
  <reporter-output>
    <line>
      <![CDATA[The test - "DnipropetrovskInternationalPassportTest" was successfully ended(17.11.2015 17:27:46)]]>
    </line>
  </reporter-output>
  <suite name="Default suite" duration-ms="47102" started-at="2015-11-17T15:27:00Z" finished-at="2015-11-17T15:27:47Z">
    <groups>
    </groups>
    <test name="Default test" duration-ms="47102" started-at="2015-11-17T15:27:00Z" finished-at="2015-11-17T15:27:47Z">
      <class name="tests.InternationalPassportTest">
        <test-method status="PASS" signature="setUp()[pri:0, instance:tests.InternationalPassportTest@75bd9247]" name="setUp" is-config="true" duration-ms="11020" started-at="2015-11-17T17:27:00Z" finished-at="2015-11-17T17:27:11Z">
          <reporter-output>
          </reporter-output>
        </test-method> <!-- setUp -->
        <test-method status="PASS" signature="set()[pri:0, instance:tests.InternationalPassportTest@75bd9247]" name="set" is-config="true" duration-ms="1510" started-at="2015-11-17T17:27:11Z" finished-at="2015-11-17T17:27:12Z">
          <reporter-output>
          </reporter-output>
        </test-method> <!-- set -->
        <test-method status="PASS" signature="DnipropetrovskInternationalPassportTest()[pri:0, instance:tests.InternationalPassportTest@75bd9247]" name="DnipropetrovskInternationalPassportTest" duration-ms="33919" started-at="2015-11-17T17:27:12Z" finished-at="2015-11-17T17:27:46Z">
          <reporter-output>
            <line>
              <![CDATA[The test - "DnipropetrovskInternationalPassportTest" was successfully ended(17.11.2015 17:27:46)]]>
            </line>
          </reporter-output>
        </test-method> <!-- DnipropetrovskInternationalPassportTest -->
        <test-method status="PASS" signature="takeScreenshot(org.testng.ITestResult)[pri:0, instance:tests.InternationalPassportTest@75bd9247]" name="takeScreenshot" is-config="true" duration-ms="81" started-at="2015-11-17T17:27:46Z" finished-at="2015-11-17T17:27:46Z">
          <params>
            <param index="0">
              <value>
                <![CDATA[[TestResult name=DnipropetrovskInternationalPassportTest status=SUCCESS method=InternationalPassportTest.DnipropetrovskInternationalPassportTest()[pri:0, instance:tests.InternationalPassportTest@75bd9247] output=The test - "DnipropetrovskInternationalPassportTest" was successfully ended(17.11.2015 17:27:46)]]]>
              </value>
            </param>
          </params>
          <reporter-output>
          </reporter-output>
        </test-method> <!-- takeScreenshot -->
        <test-method status="PASS" signature="tearsDown()[pri:0, instance:tests.InternationalPassportTest@75bd9247]" name="tearsDown" is-config="true" duration-ms="549" started-at="2015-11-17T17:27:46Z" finished-at="2015-11-17T17:27:47Z">
          <reporter-output>
          </reporter-output>
        </test-method> <!-- tearsDown -->
      </class> <!-- tests.InternationalPassportTest -->
    </test> <!-- Default test -->
  </suite> <!-- Default suite -->
</testng-results>
