<?xml version="1.0" encoding="UTF-8"?>
<testng-results skipped="0" failed="0" total="1" passed="1">
  <reporter-output>
    <line>
      <![CDATA[The test - "myLogTest" was successfully ended(28.10.2015 15:38:50)]]>
    </line>
  </reporter-output>
  <suite name="Default suite" duration-ms="23302" started-at="2015-10-28T13:38:27Z" finished-at="2015-10-28T13:38:50Z">
    <groups>
    </groups>
    <test name="Default test" duration-ms="23302" started-at="2015-10-28T13:38:27Z" finished-at="2015-10-28T13:38:50Z">
      <class name="tests.MyLogTest">
        <test-method status="PASS" signature="setUp()[pri:0, instance:tests.MyLogTest@34ce8af7]" name="setUp" is-config="true" duration-ms="21757" started-at="2015-10-28T15:38:05Z" finished-at="2015-10-28T15:38:27Z">
          <reporter-output>
          </reporter-output>
        </test-method> <!-- setUp -->
        <test-method status="PASS" signature="beforeMethod()[pri:0, instance:tests.MyLogTest@34ce8af7]" name="beforeMethod" is-config="true" duration-ms="1558" started-at="2015-10-28T15:38:27Z" finished-at="2015-10-28T15:38:29Z">
          <reporter-output>
          </reporter-output>
        </test-method> <!-- beforeMethod -->
        <test-method status="PASS" signature="myLogTest()[pri:0, instance:tests.MyLogTest@34ce8af7]" name="myLogTest" duration-ms="21570" started-at="2015-10-28T15:38:29Z" finished-at="2015-10-28T15:38:50Z">
          <reporter-output>
            <line>
              <![CDATA[The test - "myLogTest" was successfully ended(28.10.2015 15:38:50)]]>
            </line>
          </reporter-output>
        </test-method> <!-- myLogTest -->
        <test-method status="PASS" signature="takeScreenshot(org.testng.ITestResult)[pri:0, instance:tests.MyLogTest@34ce8af7]" name="takeScreenshot" is-config="true" duration-ms="44" started-at="2015-10-28T15:38:50Z" finished-at="2015-10-28T15:38:50Z">
          <params>
            <param index="0">
              <value>
                <![CDATA[[TestResult name=myLogTest status=SUCCESS method=MyLogTest.myLogTest()[pri:0, instance:tests.MyLogTest@34ce8af7] output=The test - "myLogTest" was successfully ended(28.10.2015 15:38:50)]]]>
              </value>
            </param>
          </params>
          <reporter-output>
          </reporter-output>
        </test-method> <!-- takeScreenshot -->
        <test-method status="PASS" signature="afterMethod()[pri:0, instance:tests.MyLogTest@34ce8af7]" name="afterMethod" is-config="true" duration-ms="120" started-at="2015-10-28T15:38:50Z" finished-at="2015-10-28T15:38:50Z">
          <reporter-output>
          </reporter-output>
        </test-method> <!-- afterMethod -->
        <test-method status="PASS" signature="tearDown()[pri:0, instance:tests.MyLogTest@34ce8af7]" name="tearDown" is-config="true" duration-ms="475" started-at="2015-10-28T15:38:50Z" finished-at="2015-10-28T15:38:51Z">
          <reporter-output>
          </reporter-output>
        </test-method> <!-- tearDown -->
      </class> <!-- tests.MyLogTest -->
    </test> <!-- Default test -->
  </suite> <!-- Default suite -->
</testng-results>
