<?xml version="1.0" encoding="UTF-8"?>
<testsuite xmlns:xsi="http://www.w3.org/2001/XMLSchema-instance" xsi:schemaLocation="https://maven.apache.org/surefire/maven-surefire-plugin/xsd/surefire-test-report.xsd" name="TestSuite" time="158.955" tests="3" errors="0" skipped="0" failures="3">
  <properties>
[...]
</properties>
  <testcase name="getAccessToDocumentTest" classname="tests.AccessToDocumentByCodeTest" time="30.086">
    <failure message="Timed out after 10 seconds waiting for presence of element located by: By.cssSelector: html.no-js body.ng-scope div.full-height.ng-scope div.main.full-height div.view.ng-scope div.container.ng-scope div.row.ng-scope div.col-md-12 h1.ng-binding&#10;Build info: version: &apos;2.48.2&apos;, revision: &apos;41bccdd10cf2c0560f637404c2d96164b67d9d67&apos;, time: &apos;2015-10-09 13:08:06&apos;&#10;System info: host: &apos;Privat24-ПК&apos;, ip: &apos;169.254.166.176&apos;, os.name: &apos;Windows 7&apos;, os.arch: &apos;amd64&apos;, os.version: &apos;6.1&apos;, java.version: &apos;1.7.0_55&apos;&#10;Session ID: 362796a2-5ec3-47c5-8e94-a539a5d07954&#10;Driver info: org.openqa.selenium.firefox.FirefoxDriver&#10;Capabilities [{platform=WINDOWS, acceptSslCerts=true, javascriptEnabled=true, cssSelectorsEnabled=true, databaseEnabled=true, browserName=firefox, handlesAlerts=true, nativeEvents=false, webStorageEnabled=true, rotatable=false, locationContextEnabled=true, applicationCacheEnabled=true, takesScreenshot=true, version=41.0.1}]" type="org.openqa.selenium.TimeoutException">org.openqa.selenium.TimeoutException: 
Timed out after 10 seconds waiting for presence of element located by: By.cssSelector: html.no-js body.ng-scope div.full-height.ng-scope div.main.full-height div.view.ng-scope div.container.ng-scope div.row.ng-scope div.col-md-12 h1.ng-binding
Build info: version: '2.48.2', revision: '41bccdd10cf2c0560f637404c2d96164b67d9d67', time: '2015-10-09 13:08:06'
System info: host: 'Privat24-ПК', ip: '169.254.166.176', os.name: 'Windows 7', os.arch: 'amd64', os.version: '6.1', java.version: '1.7.0_55'
Session ID: 362796a2-5ec3-47c5-8e94-a539a5d07954
Driver info: org.openqa.selenium.firefox.FirefoxDriver
Capabilities [{platform=WINDOWS, acceptSslCerts=true, javascriptEnabled=true, cssSelectorsEnabled=true, databaseEnabled=true, browserName=firefox, handlesAlerts=true, nativeEvents=false, webStorageEnabled=true, rotatable=false, locationContextEnabled=true, applicationCacheEnabled=true, takesScreenshot=true, version=41.0.1}]
	at tests.AccessToDocumentByCodeTest.getAccessToDocumentTest(AccessToDocumentByCodeTest.java:13)
Caused by: org.openqa.selenium.NoSuchElementException: 
Unable to locate element: {"method":"css selector","selector":"html.no-js body.ng-scope div.full-height.ng-scope div.main.full-height div.view.ng-scope div.container.ng-scope div.row.ng-scope div.col-md-12 h1.ng-binding"}
Command duration or timeout: 30.07 seconds
For documentation on this error, please visit: http://seleniumhq.org/exceptions/no_such_element.html
Build info: version: '2.48.2', revision: '41bccdd10cf2c0560f637404c2d96164b67d9d67', time: '2015-10-09 13:08:06'
System info: host: 'Privat24-ПК', ip: '169.254.166.176', os.name: 'Windows 7', os.arch: 'amd64', os.version: '6.1', java.version: '1.7.0_55'
*** Element info: {Using=css selector, value=html.no-js body.ng-scope div.full-height.ng-scope div.main.full-height div.view.ng-scope div.container.ng-scope div.row.ng-scope div.col-md-12 h1.ng-binding}
Session ID: 362796a2-5ec3-47c5-8e94-a539a5d07954
Driver info: org.openqa.selenium.firefox.FirefoxDriver
Capabilities [{platform=WINDOWS, acceptSslCerts=true, javascriptEnabled=true, cssSelectorsEnabled=true, databaseEnabled=true, browserName=firefox, handlesAlerts=true, nativeEvents=false, webStorageEnabled=true, rotatable=false, locationContextEnabled=true, applicationCacheEnabled=true, takesScreenshot=true, version=41.0.1}]
	at tests.AccessToDocumentByCodeTest.getAccessToDocumentTest(AccessToDocumentByCodeTest.java:13)
Caused by: org.openqa.selenium.NoSuchElementException: 
Unable to locate element: {"method":"css selector","selector":"html.no-js body.ng-scope div.full-height.ng-scope div.main.full-height div.view.ng-scope div.container.ng-scope div.row.ng-scope div.col-md-12 h1.ng-binding"}
For documentation on this error, please visit: http://seleniumhq.org/exceptions/no_such_element.html
Build info: version: '2.48.2', revision: '41bccdd10cf2c0560f637404c2d96164b67d9d67', time: '2015-10-09 13:08:06'
System info: host: 'Privat24-ПК', ip: '169.254.166.176', os.name: 'Windows 7', os.arch: 'amd64', os.version: '6.1', java.version: '1.7.0_55'
Driver info: driver.version: unknown
</failure>
  </testcase>
  <testcase name="myLogTest" classname="tests.MyLogTest" time="30.068">
    <failure message="Timed out after 10 seconds waiting for presence of element located by: By.cssSelector: html.no-js body.ng-scope div.full-height.ng-scope div.main.full-height div.view.ng-scope div.container.ng-scope div.row.ng-scope div.col-md-12 h1.ng-binding&#10;Build info: version: &apos;2.48.2&apos;, revision: &apos;41bccdd10cf2c0560f637404c2d96164b67d9d67&apos;, time: &apos;2015-10-09 13:08:06&apos;&#10;System info: host: &apos;Privat24-ПК&apos;, ip: &apos;169.254.166.176&apos;, os.name: &apos;Windows 7&apos;, os.arch: &apos;amd64&apos;, os.version: &apos;6.1&apos;, java.version: &apos;1.7.0_55&apos;&#10;Session ID: 362796a2-5ec3-47c5-8e94-a539a5d07954&#10;Driver info: org.openqa.selenium.firefox.FirefoxDriver&#10;Capabilities [{platform=WINDOWS, acceptSslCerts=true, javascriptEnabled=true, cssSelectorsEnabled=true, databaseEnabled=true, browserName=firefox, handlesAlerts=true, nativeEvents=false, webStorageEnabled=true, rotatable=false, locationContextEnabled=true, applicationCacheEnabled=true, takesScreenshot=true, version=41.0.1}]" type="org.openqa.selenium.TimeoutException">org.openqa.selenium.TimeoutException: 
Timed out after 10 seconds waiting for presence of element located by: By.cssSelector: html.no-js body.ng-scope div.full-height.ng-scope div.main.full-height div.view.ng-scope div.container.ng-scope div.row.ng-scope div.col-md-12 h1.ng-binding
Build info: version: '2.48.2', revision: '41bccdd10cf2c0560f637404c2d96164b67d9d67', time: '2015-10-09 13:08:06'
System info: host: 'Privat24-ПК', ip: '169.254.166.176', os.name: 'Windows 7', os.arch: 'amd64', os.version: '6.1', java.version: '1.7.0_55'
Session ID: 362796a2-5ec3-47c5-8e94-a539a5d07954
Driver info: org.openqa.selenium.firefox.FirefoxDriver
Capabilities [{platform=WINDOWS, acceptSslCerts=true, javascriptEnabled=true, cssSelectorsEnabled=true, databaseEnabled=true, browserName=firefox, handlesAlerts=true, nativeEvents=false, webStorageEnabled=true, rotatable=false, locationContextEnabled=true, applicationCacheEnabled=true, takesScreenshot=true, version=41.0.1}]
	at tests.MyLogTest.myLogTest(MyLogTest.java:15)
Caused by: org.openqa.selenium.NoSuchElementException: 
Unable to locate element: {"method":"css selector","selector":"html.no-js body.ng-scope div.full-height.ng-scope div.main.full-height div.view.ng-scope div.container.ng-scope div.row.ng-scope div.col-md-12 h1.ng-binding"}
Command duration or timeout: 30.07 seconds
For documentation on this error, please visit: http://seleniumhq.org/exceptions/no_such_element.html
Build info: version: '2.48.2', revision: '41bccdd10cf2c0560f637404c2d96164b67d9d67', time: '2015-10-09 13:08:06'
System info: host: 'Privat24-ПК', ip: '169.254.166.176', os.name: 'Windows 7', os.arch: 'amd64', os.version: '6.1', java.version: '1.7.0_55'
*** Element info: {Using=css selector, value=html.no-js body.ng-scope div.full-height.ng-scope div.main.full-height div.view.ng-scope div.container.ng-scope div.row.ng-scope div.col-md-12 h1.ng-binding}
Session ID: 362796a2-5ec3-47c5-8e94-a539a5d07954
Driver info: org.openqa.selenium.firefox.FirefoxDriver
Capabilities [{platform=WINDOWS, acceptSslCerts=true, javascriptEnabled=true, cssSelectorsEnabled=true, databaseEnabled=true, browserName=firefox, handlesAlerts=true, nativeEvents=false, webStorageEnabled=true, rotatable=false, locationContextEnabled=true, applicationCacheEnabled=true, takesScreenshot=true, version=41.0.1}]
	at tests.MyLogTest.myLogTest(MyLogTest.java:15)
Caused by: org.openqa.selenium.NoSuchElementException: 
Unable to locate element: {"method":"css selector","selector":"html.no-js body.ng-scope div.full-height.ng-scope div.main.full-height div.view.ng-scope div.container.ng-scope div.row.ng-scope div.col-md-12 h1.ng-binding"}
For documentation on this error, please visit: http://seleniumhq.org/exceptions/no_such_element.html
Build info: version: '2.48.2', revision: '41bccdd10cf2c0560f637404c2d96164b67d9d67', time: '2015-10-09 13:08:06'
System info: host: 'Privat24-ПК', ip: '169.254.166.176', os.name: 'Windows 7', os.arch: 'amd64', os.version: '6.1', java.version: '1.7.0_55'
Driver info: driver.version: unknown
</failure>
  </testcase>
  <testcase name="simpleValidSearchTest" classname="tests.SearchServiceTest" time="90.309">
    <failure message="Timed out after 10 seconds. Unable to locate the element&#10;For documentation on this error, please visit: http://seleniumhq.org/exceptions/no_such_element.html&#10;Build info: version: &apos;2.48.2&apos;, revision: &apos;41bccdd10cf2c0560f637404c2d96164b67d9d67&apos;, time: &apos;2015-10-09 13:08:06&apos;&#10;System info: host: &apos;Privat24-ПК&apos;, ip: &apos;169.254.166.176&apos;, os.name: &apos;Windows 7&apos;, os.arch: &apos;amd64&apos;, os.version: &apos;6.1&apos;, java.version: &apos;1.7.0_55&apos;&#10;Driver info: driver.version: unknown" type="org.openqa.selenium.NoSuchElementException">org.openqa.selenium.NoSuchElementException: 
Timed out after 10 seconds. Unable to locate the element
For documentation on this error, please visit: http://seleniumhq.org/exceptions/no_such_element.html
Build info: version: '2.48.2', revision: '41bccdd10cf2c0560f637404c2d96164b67d9d67', time: '2015-10-09 13:08:06'
System info: host: 'Privat24-ПК', ip: '169.254.166.176', os.name: 'Windows 7', os.arch: 'amd64', os.version: '6.1', java.version: '1.7.0_55'
Driver info: driver.version: unknown
	at tests.SearchServiceTest.simpleValidSearchTest(SearchServiceTest.java:17)
Caused by: org.openqa.selenium.NoSuchElementException: 
Unable to locate element: {"method":"xpath","selector":"//input"}
Command duration or timeout: 30.01 seconds
For documentation on this error, please visit: http://seleniumhq.org/exceptions/no_such_element.html
Build info: version: '2.48.2', revision: '41bccdd10cf2c0560f637404c2d96164b67d9d67', time: '2015-10-09 13:08:06'
System info: host: 'Privat24-ПК', ip: '169.254.166.176', os.name: 'Windows 7', os.arch: 'amd64', os.version: '6.1', java.version: '1.7.0_55'
*** Element info: {Using=xpath, value=//input}
Session ID: 362796a2-5ec3-47c5-8e94-a539a5d07954
Driver info: org.openqa.selenium.firefox.FirefoxDriver
Capabilities [{platform=WINDOWS, acceptSslCerts=true, javascriptEnabled=true, cssSelectorsEnabled=true, databaseEnabled=true, browserName=firefox, handlesAlerts=true, nativeEvents=false, webStorageEnabled=true, rotatable=false, locationContextEnabled=true, applicationCacheEnabled=true, takesScreenshot=true, version=41.0.1}]
	at tests.SearchServiceTest.simpleValidSearchTest(SearchServiceTest.java:17)
Caused by: org.openqa.selenium.NoSuchElementException: 
Unable to locate element: {"method":"xpath","selector":"//input"}
For documentation on this error, please visit: http://seleniumhq.org/exceptions/no_such_element.html
Build info: version: '2.48.2', revision: '41bccdd10cf2c0560f637404c2d96164b67d9d67', time: '2015-10-09 13:08:06'
System info: host: 'Privat24-ПК', ip: '169.254.166.176', os.name: 'Windows 7', os.arch: 'amd64', os.version: '6.1', java.version: '1.7.0_55'
Driver info: driver.version: unknown
</failure>
  </testcase>
</testsuite>