<?xml version="1.0" encoding="UTF-8"?>
<!-- Generated by org.testng.reporters.JUnitXMLReporter -->
<testsuite hostname="nazarenkod" name="Default test" tests="3" failures="0" timestamp="22 Oct 2015 12:23:04 GMT" time="39.443" errors="0">
  <testcase name="getAccessToDocumentTest" time="23.928" classname="tests.AccessToDocumentByCodeTest"/>
  <testcase name="simpleValidSearchTest" time="0.497" classname="tests.SearchServiceTest"/>
  <testcase name="myLogTest" time="9.591" classname="tests.MyLogTest"/>
</testsuite> <!-- Default test -->
