<?xml version="1.0" encoding="UTF-8"?>
<testng-results skipped="0" failed="0" total="3" passed="3">
  <reporter-output>
  </reporter-output>
  <suite name="Default suite" duration-ms="39443" started-at="2015-10-22T12:22:24Z" finished-at="2015-10-22T12:23:03Z">
    <groups>
    </groups>
    <test name="Default test" duration-ms="39443" started-at="2015-10-22T12:22:24Z" finished-at="2015-10-22T12:23:03Z">
      <class name="tests.AccessToDocumentByCodeTest">
        <test-method status="PASS" signature="setUp()[pri:0, instance:tests.AccessToDocumentByCodeTest@dfd3711]" name="setUp" is-config="true" duration-ms="26517" started-at="2015-10-22T15:21:57Z" finished-at="2015-10-22T15:22:24Z">
          <reporter-output>
          </reporter-output>
        </test-method> <!-- setUp -->
        <test-method status="PASS" signature="beforeMethod()[pri:0, instance:tests.AccessToDocumentByCodeTest@dfd3711]" name="beforeMethod" is-config="true" duration-ms="1337" started-at="2015-10-22T15:22:24Z" finished-at="2015-10-22T15:22:25Z">
          <reporter-output>
          </reporter-output>
        </test-method> <!-- beforeMethod -->
        <test-method status="PASS" signature="getAccessToDocumentTest()[pri:0, instance:tests.AccessToDocumentByCodeTest@dfd3711]" name="getAccessToDocumentTest" duration-ms="23928" started-at="2015-10-22T15:22:25Z" finished-at="2015-10-22T15:22:49Z">
          <reporter-output>
          </reporter-output>
        </test-method> <!-- getAccessToDocumentTest -->
        <test-method status="PASS" signature="afterMethod()[pri:0, instance:tests.AccessToDocumentByCodeTest@dfd3711]" name="afterMethod" is-config="true" duration-ms="189" started-at="2015-10-22T15:22:49Z" finished-at="2015-10-22T15:22:49Z">
          <reporter-output>
          </reporter-output>
        </test-method> <!-- afterMethod -->
        <test-method status="PASS" signature="tearDown()[pri:0, instance:tests.AccessToDocumentByCodeTest@dfd3711]" name="tearDown" is-config="true" duration-ms="3278" started-at="2015-10-22T15:23:04Z" finished-at="2015-10-22T15:23:07Z">
          <reporter-output>
          </reporter-output>
        </test-method> <!-- tearDown -->
      </class> <!-- tests.AccessToDocumentByCodeTest -->
      <class name="tests.SearchServiceTest">
        <test-method status="PASS" signature="beforeMethod()[pri:0, instance:tests.SearchServiceTest@42d3bd8b]" name="beforeMethod" is-config="true" duration-ms="1715" started-at="2015-10-22T15:22:49Z" finished-at="2015-10-22T15:22:51Z">
          <reporter-output>
          </reporter-output>
        </test-method> <!-- beforeMethod -->
        <test-method status="PASS" signature="simpleValidSearchTest()[pri:0, instance:tests.SearchServiceTest@42d3bd8b]" name="simpleValidSearchTest" duration-ms="497" started-at="2015-10-22T15:22:51Z" finished-at="2015-10-22T15:22:52Z">
          <reporter-output>
          </reporter-output>
        </test-method> <!-- simpleValidSearchTest -->
        <test-method status="PASS" signature="afterMethod()[pri:0, instance:tests.SearchServiceTest@42d3bd8b]" name="afterMethod" is-config="true" duration-ms="225" started-at="2015-10-22T15:22:52Z" finished-at="2015-10-22T15:22:52Z">
          <reporter-output>
          </reporter-output>
        </test-method> <!-- afterMethod -->
      </class> <!-- tests.SearchServiceTest -->
      <class name="tests.MyLogTest">
        <test-method status="PASS" signature="beforeMethod()[pri:0, instance:tests.MyLogTest@26ba2a48]" name="beforeMethod" is-config="true" duration-ms="1761" started-at="2015-10-22T15:22:52Z" finished-at="2015-10-22T15:22:54Z">
          <reporter-output>
          </reporter-output>
        </test-method> <!-- beforeMethod -->
        <test-method status="PASS" signature="myLogTest()[pri:0, instance:tests.MyLogTest@26ba2a48]" name="myLogTest" duration-ms="9591" started-at="2015-10-22T15:22:54Z" finished-at="2015-10-22T15:23:03Z">
          <reporter-output>
          </reporter-output>
        </test-method> <!-- myLogTest -->
        <test-method status="PASS" signature="afterMethod()[pri:0, instance:tests.MyLogTest@26ba2a48]" name="afterMethod" is-config="true" duration-ms="172" started-at="2015-10-22T15:23:03Z" finished-at="2015-10-22T15:23:03Z">
          <reporter-output>
          </reporter-output>
        </test-method> <!-- afterMethod -->
      </class> <!-- tests.MyLogTest -->
    </test> <!-- Default test -->
  </suite> <!-- Default suite -->
</testng-results>
